[3:33:53 PM] [semantic-release] › ℹ  Running semantic-release version 22.0.9
[3:33:53 PM] [semantic-release] › ✔  Loaded plugin "verifyConditions" from "@semantic-release/github"
[3:33:53 PM] [semantic-release] › ✔  Loaded plugin "verifyConditions" from "@semantic-release/git"
[3:33:53 PM] [semantic-release] › ✔  Loaded plugin "verifyConditions" from "@semantic-release/changelog"
[3:33:53 PM] [semantic-release] › ✔  Loaded plugin "analyzeCommits" from "@semantic-release/commit-analyzer"
[3:33:53 PM] [semantic-release] › ✔  Loaded plugin "generateNotes" from "@semantic-release/release-notes-generator"
[3:33:53 PM] [semantic-release] › ✔  Loaded plugin "prepare" from "@semantic-release/git"
[3:33:53 PM] [semantic-release] › ✔  Loaded plugin "prepare" from "@semantic-release/changelog"
[3:33:53 PM] [semantic-release] › ✔  Loaded plugin "publish" from "@semantic-release/github"
[3:33:53 PM] [semantic-release] › ✔  Loaded plugin "addChannel" from "@semantic-release/github"
[3:33:53 PM] [semantic-release] › ✔  Loaded plugin "success" from "@semantic-release/github"
[3:33:53 PM] [semantic-release] › ✔  Loaded plugin "fail" from "@semantic-release/github"
[3:33:55 PM] [semantic-release] › ✔  Run automated release from branch main on repository https://github.com/Julio-Freitas/Julio-Freitas-poc-profiler-pdf
[3:33:55 PM] [semantic-release] › ✔  Allowed to push to the Git repository
[3:33:55 PM] [semantic-release] › ℹ  Start step "verifyConditions" of plugin "@semantic-release/github"
[3:33:55 PM] [semantic-release] [@semantic-release/github] › ℹ  Verify GitHub authentication (https://api.github.com)
[3:33:55 PM] [semantic-release] › ✔  Completed step "verifyConditions" of plugin "@semantic-release/github"
[3:33:55 PM] [semantic-release] › ℹ  Start step "verifyConditions" of plugin "@semantic-release/git"
[3:33:55 PM] [semantic-release] › ✔  Completed step "verifyConditions" of plugin "@semantic-release/git"
[3:33:55 PM] [semantic-release] › ℹ  Start step "verifyConditions" of plugin "@semantic-release/changelog"
[3:33:55 PM] [semantic-release] › ✔  Completed step "verifyConditions" of plugin "@semantic-release/changelog"
[3:33:55 PM] [semantic-release] › ℹ  Found git tag v1.2.5 associated with version 1.2.5 on branch main
[3:33:55 PM] [semantic-release] › ℹ  Found 5 commits since last release
[3:33:55 PM] [semantic-release] › ℹ  Start step "analyzeCommits" of plugin "@semantic-release/commit-analyzer"
[3:33:55 PM] [semantic-release] [@semantic-release/commit-analyzer] › ℹ  Analyzing commit: fix(update version): pkg change version
[3:33:55 PM] [semantic-release] [@semantic-release/commit-analyzer] › ℹ  The release type for the commit is patch
[3:33:55 PM] [semantic-release] [@semantic-release/commit-analyzer] › ℹ  Analyzing commit: 1.2.5
[3:33:55 PM] [semantic-release] [@semantic-release/commit-analyzer] › ℹ  The commit should not trigger a release
[3:33:55 PM] [semantic-release] [@semantic-release/commit-analyzer] › ℹ  Analyzing commit: 1.2.5
[3:33:55 PM] [semantic-release] [@semantic-release/commit-analyzer] › ℹ  The commit should not trigger a release
[3:33:55 PM] [semantic-release] [@semantic-release/commit-analyzer] › ℹ  Analyzing commit: Merge branch 'main' of github.com:Julio-Freitas/Julio-Freitas-poc-profiler-pdf
[3:33:55 PM] [semantic-release] [@semantic-release/commit-analyzer] › ℹ  The commit should not trigger a release
[3:33:55 PM] [semantic-release] [@semantic-release/commit-analyzer] › ℹ  Analyzing commit: 1.2.4
[3:33:55 PM] [semantic-release] [@semantic-release/commit-analyzer] › ℹ  The commit should not trigger a release
[3:33:55 PM] [semantic-release] [@semantic-release/commit-analyzer] › ℹ  Analysis of 5 commits complete: patch release
[3:33:55 PM] [semantic-release] › ✔  Completed step "analyzeCommits" of plugin "@semantic-release/commit-analyzer"
[3:33:55 PM] [semantic-release] › ℹ  The next release version is 1.2.6
[3:33:55 PM] [semantic-release] › ℹ  Start step "generateNotes" of plugin "@semantic-release/release-notes-generator"
[3:33:55 PM] [semantic-release] › ✔  Completed step "generateNotes" of plugin "@semantic-release/release-notes-generator"
[3:33:55 PM] [semantic-release] › ℹ  Start step "prepare" of plugin "@semantic-release/git"
[3:33:55 PM] [semantic-release] [@semantic-release/git] › ℹ  Found 1 file(s) to commit
